<?xml version="1.0" encoding="UTF-8"?>
<testng-results ignored="0" total="1" passed="1" failed="0" skipped="0">
  <reporter-output>
  </reporter-output>
  <suite started-at="2025-11-20T10:31:18 IST" name="Default suite" finished-at="2025-11-20T10:31:22 IST" duration-ms="4686">
    <groups>
    </groups>
    <test started-at="2025-11-20T10:31:18 IST" name="Default test" finished-at="2025-11-20T10:31:22 IST" duration-ms="4686">
      <class name="com.framework.tests.SampleTest">
        <test-method is-config="true" signature="setup()[pri:0, instance:com.framework.tests.SampleTest@206a70ef]" started-at="2025-11-20T10:31:18 IST" name="setup" finished-at="2025-11-20T10:31:22 IST" duration-ms="4182" status="PASS">
          <reporter-output>
          </reporter-output>
        </test-method> <!-- setup -->
        <test-method signature="testExample()[pri:0, instance:com.framework.tests.SampleTest@206a70ef]" started-at="2025-11-20T10:31:22 IST" name="testExample" finished-at="2025-11-20T10:31:22 IST" duration-ms="131" status="PASS">
          <reporter-output>
          </reporter-output>
        </test-method> <!-- testExample -->
        <test-method is-config="true" signature="teardown()[pri:0, instance:com.framework.tests.SampleTest@206a70ef]" started-at="2025-11-20T10:31:22 IST" name="teardown" finished-at="2025-11-20T10:31:22 IST" duration-ms="279" status="PASS">
          <reporter-output>
          </reporter-output>
        </test-method> <!-- teardown -->
      </class> <!-- com.framework.tests.SampleTest -->
    </test> <!-- Default test -->
  </suite> <!-- Default suite -->
</testng-results>
